<?xml version="1.0" encoding="UTF-8"?>
<!-- Generated by org.testng.reporters.JUnitReportReporter -->
<testsuite hostname="LAPTOP-8GPLMJNH" failures="0" tests="1" name="Test.SearchHotelTest" time="2.580" errors="0" timestamp="2021-02-16T15:27:20 AEDT" skipped="0">
  <testcase classname="Test.SearchHotelTest" name="SearchHotel" time="2.580"/>
  <system-out/>
</testsuite> <!-- Test.SearchHotelTest -->
