<?xml version="1.0" encoding="UTF-8"?>
<!-- Generated by org.testng.reporters.JUnitReportReporter -->
<testsuite hostname="LAPTOP-8GPLMJNH" failures="0" tests="1" name="Test.LoginTest" time="20.252" errors="0" timestamp="2021-02-16T15:27:20 AEDT" skipped="0">
  <testcase classname="Test.LoginTest" name="Login" time="20.252"/>
  <system-out/>
</testsuite> <!-- Test.LoginTest -->
