<?xml version="1.0" encoding="UTF-8"?>
<!-- Generated by org.testng.reporters.JUnitReportReporter -->
<testsuite hostname="LAPTOP-8GPLMJNH" failures="0" tests="1" name="Test.Test" time="15.667" errors="0" timestamp="2021-02-16T19:52:25 AEDT" skipped="0">
  <testcase classname="Test.Test" name="TestCases" time="15.667"/>
  <system-out/>
</testsuite> <!-- Test.Test -->
