<?xml version="1.0" encoding="UTF-8"?>
<!-- Generated by org.testng.reporters.JUnitReportReporter -->
<testsuite hostname="LAPTOP-8GPLMJNH" failures="0" tests="1" name="Test.SelectHotelTest" time="3.386" errors="0" timestamp="2021-02-16T15:27:20 AEDT" skipped="0">
  <testcase classname="Test.SelectHotelTest" name="SelectHotel" time="3.386"/>
  <system-out/>
</testsuite> <!-- Test.SelectHotelTest -->
